[0.486s] Invoking command in '/home/tekduchesne/ros2_ws/src/my_robot_controller': PYTHONPATH=/home/tekduchesne/ros2_ws/src/build/my_robot_controller/prefix_override:/usr/lib/python3/dist-packages/colcon_core/task/python/colcon_distutils_commands:/home/tekduchesne/ros2_ws/src/install/my_robot_controller/lib/python3.10/site-packages:${PYTHONPATH} /usr/bin/python3 -W ignore:setup.py install is deprecated setup.py egg_info --egg-base ../build/my_robot_controller build --build-base /home/tekduchesne/ros2_ws/src/build/my_robot_controller/build install --record /home/tekduchesne/ros2_ws/src/build/my_robot_controller/install.log --single-version-externally-managed install_data
[0.668s] running egg_info
[0.668s] creating ../build/my_robot_controller/my_robot_controller.egg-info
[0.668s] writing ../build/my_robot_controller/my_robot_controller.egg-info/PKG-INFO
[0.669s] writing dependency_links to ../build/my_robot_controller/my_robot_controller.egg-info/dependency_links.txt
[0.669s] writing entry points to ../build/my_robot_controller/my_robot_controller.egg-info/entry_points.txt
[0.669s] writing requirements to ../build/my_robot_controller/my_robot_controller.egg-info/requires.txt
[0.669s] writing top-level names to ../build/my_robot_controller/my_robot_controller.egg-info/top_level.txt
[0.669s] writing manifest file '../build/my_robot_controller/my_robot_controller.egg-info/SOURCES.txt'
[0.670s] reading manifest file '../build/my_robot_controller/my_robot_controller.egg-info/SOURCES.txt'
[0.670s] writing manifest file '../build/my_robot_controller/my_robot_controller.egg-info/SOURCES.txt'
[0.670s] running build
[0.670s] running build_py
[0.670s] creating /home/tekduchesne/ros2_ws/src/build/my_robot_controller/build
[0.670s] creating /home/tekduchesne/ros2_ws/src/build/my_robot_controller/build/lib
[0.670s] creating /home/tekduchesne/ros2_ws/src/build/my_robot_controller/build/lib/my_robot_controller
[0.672s] copying my_robot_controller/my_first_node.py -> /home/tekduchesne/ros2_ws/src/build/my_robot_controller/build/lib/my_robot_controller
[0.672s] copying my_robot_controller/draw_circle.py -> /home/tekduchesne/ros2_ws/src/build/my_robot_controller/build/lib/my_robot_controller
[0.672s] copying my_robot_controller/__init__.py -> /home/tekduchesne/ros2_ws/src/build/my_robot_controller/build/lib/my_robot_controller
[0.672s] copying my_robot_controller/pose_subsriber.py -> /home/tekduchesne/ros2_ws/src/build/my_robot_controller/build/lib/my_robot_controller
[0.672s] running install
[0.672s] running install_lib
[0.672s] creating /home/tekduchesne/ros2_ws/src/install/my_robot_controller/lib/python3.10/site-packages/my_robot_controller
[0.673s] copying /home/tekduchesne/ros2_ws/src/build/my_robot_controller/build/lib/my_robot_controller/my_first_node.py -> /home/tekduchesne/ros2_ws/src/install/my_robot_controller/lib/python3.10/site-packages/my_robot_controller
[0.673s] copying /home/tekduchesne/ros2_ws/src/build/my_robot_controller/build/lib/my_robot_controller/draw_circle.py -> /home/tekduchesne/ros2_ws/src/install/my_robot_controller/lib/python3.10/site-packages/my_robot_controller
[0.673s] copying /home/tekduchesne/ros2_ws/src/build/my_robot_controller/build/lib/my_robot_controller/__init__.py -> /home/tekduchesne/ros2_ws/src/install/my_robot_controller/lib/python3.10/site-packages/my_robot_controller
[0.674s] copying /home/tekduchesne/ros2_ws/src/build/my_robot_controller/build/lib/my_robot_controller/pose_subsriber.py -> /home/tekduchesne/ros2_ws/src/install/my_robot_controller/lib/python3.10/site-packages/my_robot_controller
[0.674s] byte-compiling /home/tekduchesne/ros2_ws/src/install/my_robot_controller/lib/python3.10/site-packages/my_robot_controller/my_first_node.py to my_first_node.cpython-310.pyc
[0.674s] byte-compiling /home/tekduchesne/ros2_ws/src/install/my_robot_controller/lib/python3.10/site-packages/my_robot_controller/draw_circle.py to draw_circle.cpython-310.pyc
[0.674s] byte-compiling /home/tekduchesne/ros2_ws/src/install/my_robot_controller/lib/python3.10/site-packages/my_robot_controller/__init__.py to __init__.cpython-310.pyc
[0.674s] byte-compiling /home/tekduchesne/ros2_ws/src/install/my_robot_controller/lib/python3.10/site-packages/my_robot_controller/pose_subsriber.py to pose_subsriber.cpython-310.pyc
[0.674s] running install_data
[0.675s] creating /home/tekduchesne/ros2_ws/src/install/my_robot_controller/share/ament_index
[0.676s] creating /home/tekduchesne/ros2_ws/src/install/my_robot_controller/share/ament_index/resource_index
[0.676s] creating /home/tekduchesne/ros2_ws/src/install/my_robot_controller/share/ament_index/resource_index/packages
[0.676s] copying resource/my_robot_controller -> /home/tekduchesne/ros2_ws/src/install/my_robot_controller/share/ament_index/resource_index/packages
[0.676s] copying package.xml -> /home/tekduchesne/ros2_ws/src/install/my_robot_controller/share/my_robot_controller
[0.676s] running install_egg_info
[0.676s] Copying ../build/my_robot_controller/my_robot_controller.egg-info to /home/tekduchesne/ros2_ws/src/install/my_robot_controller/lib/python3.10/site-packages/my_robot_controller-0.0.0-py3.10.egg-info
[0.677s] running install_scripts
[0.692s] Installing draw_circle script to /home/tekduchesne/ros2_ws/src/install/my_robot_controller/lib/my_robot_controller
[0.693s] Installing pose_subscriber script to /home/tekduchesne/ros2_ws/src/install/my_robot_controller/lib/my_robot_controller
[0.693s] Installing test_node script to /home/tekduchesne/ros2_ws/src/install/my_robot_controller/lib/my_robot_controller
[0.693s] writing list of installed files to '/home/tekduchesne/ros2_ws/src/build/my_robot_controller/install.log'
[0.707s] Invoked command in '/home/tekduchesne/ros2_ws/src/my_robot_controller' returned '0': PYTHONPATH=/home/tekduchesne/ros2_ws/src/build/my_robot_controller/prefix_override:/usr/lib/python3/dist-packages/colcon_core/task/python/colcon_distutils_commands:/home/tekduchesne/ros2_ws/src/install/my_robot_controller/lib/python3.10/site-packages:${PYTHONPATH} /usr/bin/python3 -W ignore:setup.py install is deprecated setup.py egg_info --egg-base ../build/my_robot_controller build --build-base /home/tekduchesne/ros2_ws/src/build/my_robot_controller/build install --record /home/tekduchesne/ros2_ws/src/build/my_robot_controller/install.log --single-version-externally-managed install_data
